<?xml version="1.0" encoding="UTF-8"?>
<!-- Generated by org.testng.reporters.JUnitReportReporter -->
<testsuite hostname="LAPTOP-CEPQKL4D" failures="0" tests="1" name="Selenium_Webelements._6_Handle_File_Upload_Using_RobotClass" time="30.236" errors="0" timestamp="2022-12-30T17:46:53 IST" skipped="0">
  <testcase classname="Selenium_Webelements._6_Handle_File_Upload_Using_RobotClass" name="Upload" time="30.236"/>
  <system-out/>
</testsuite> <!-- Selenium_Webelements._6_Handle_File_Upload_Using_RobotClass -->
