<?xml version="1.0" encoding="UTF-8"?>
<!-- Generated by org.testng.reporters.JUnitReportReporter -->
<testsuite hostname="LAPTOP-CEPQKL4D" failures="0" tests="1" name="Star_Pattern.Pattern3" time="0.011" errors="0" timestamp="2022-12-21T15:20:36 IST" skipped="0">
  <testcase classname="Star_Pattern.Pattern3" name="M3" time="0.011"/>
  <system-out/>
</testsuite> <!-- Star_Pattern.Pattern3 -->
