<?xml version="1.0" encoding="UTF-8"?>
<!-- Generated by org.testng.reporters.JUnitReportReporter -->
<testsuite hostname="LAPTOP-CEPQKL4D" failures="0" tests="1" name="Collections.Stack" time="0.006" errors="0" timestamp="2022-12-22T19:32:50 IST" skipped="0">
  <testcase classname="Collections.Stack" name="T" time="0.006"/>
  <system-out/>
</testsuite> <!-- Collections.Stack -->
