<?xml version="1.0" encoding="UTF-8"?>
<!-- Generated by org.testng.reporters.JUnitReportReporter -->
<testsuite hostname="LAPTOP-CEPQKL4D" failures="0" tests="1" name="Collections.LinkedList" time="0.007" errors="0" timestamp="2022-12-22T18:47:19 IST" skipped="0">
  <testcase classname="Collections.LinkedList" name="LL" time="0.007"/>
  <system-out/>
</testsuite> <!-- Collections.LinkedList -->
