<?xml version="1.0" encoding="UTF-8"?>
<!-- Generated by org.testng.reporters.JUnitReportReporter -->
<testsuite hostname="LAPTOP-CEPQKL4D" failures="0" tests="1" name="Star_Pattern.Pattern1" time="0.016" errors="0" timestamp="2022-12-21T12:28:39 IST" skipped="0">
  <testcase classname="Star_Pattern.Pattern1" name="M1" time="0.016"/>
  <system-out/>
</testsuite> <!-- Star_Pattern.Pattern1 -->
