<?xml version="1.0" encoding="UTF-8"?>
<!-- Generated by org.testng.reporters.JUnitReportReporter -->
<testsuite hostname="LAPTOP-CEPQKL4D" failures="0" tests="1" name="TestNG._6_SoftAssertion" time="0.535" errors="0" timestamp="2023-01-03T16:18:34 IST" skipped="0">
  <testcase classname="TestNG._6_SoftAssertion" name="Send" time="0.535"/>
  <system-out/>
</testsuite> <!-- TestNG._6_SoftAssertion -->
