<?xml version="1.0" encoding="UTF-8"?>
<!-- Generated by org.testng.reporters.JUnitReportReporter -->
<testsuite hostname="LAPTOP-CEPQKL4D" failures="0" tests="1" name="Strings_Interview_Questions.Reverse" time="0.009" errors="0" timestamp="2024-09-09T16:26:49 IST" skipped="0">
  <testcase classname="Strings_Interview_Questions.Reverse" name="reversal" time="0.009"/>
  <system-out/>
</testsuite> <!-- Strings_Interview_Questions.Reverse -->
