<?xml version="1.0" encoding="UTF-8"?>
<!-- Generated by org.testng.reporters.JUnitReportReporter -->
<testsuite hostname="LAPTOP-CEPQKL4D" failures="0" tests="1" name="Practical_Automation.Class_7" time="8.490" errors="0" timestamp="2022-12-20T23:20:51 IST" skipped="0">
  <testcase classname="Practical_Automation.Class_7" name="OpenBrowser" time="8.490"/>
  <system-out/>
</testsuite> <!-- Practical_Automation.Class_7 -->
