<?xml version="1.0" encoding="UTF-8"?>
<!-- Generated by org.testng.reporters.JUnitReportReporter -->
<testsuite hostname="LAPTOP-CEPQKL4D" failures="0" tests="1" name="Selenium_Webelements._7_Handle_Browser_Window_Size" time="10.434" errors="0" timestamp="2023-01-03T17:42:00 IST" skipped="0">
  <testcase classname="Selenium_Webelements._7_Handle_Browser_Window_Size" name="Send" time="10.434"/>
  <system-out/>
</testsuite> <!-- Selenium_Webelements._7_Handle_Browser_Window_Size -->
