<?xml version="1.0" encoding="UTF-8"?>
<!-- Generated by org.testng.reporters.JUnitReportReporter -->
<testsuite hostname="LAPTOP-CEPQKL4D" failures="0" tests="1" name="ConceptsCode.UploadFIle" time="8.245" errors="0" timestamp="2022-12-17T16:57:20 IST" skipped="0">
  <testcase classname="ConceptsCode.UploadFIle" name="AB" time="8.245"/>
  <system-out/>
</testsuite> <!-- ConceptsCode.UploadFIle -->
