<?xml version="1.0" encoding="UTF-8"?>
<!-- Generated by org.testng.reporters.JUnitReportReporter -->
<testsuite hostname="LAPTOP-CEPQKL4D" failures="0" tests="1" name="ConceptsCode.Dropdown" time="20.379" errors="0" timestamp="2022-12-17T01:41:46 IST" skipped="0">
  <testcase classname="ConceptsCode.Dropdown" name="Dropdown" time="20.379"/>
  <system-out/>
</testsuite> <!-- ConceptsCode.Dropdown -->
