<?xml version="1.0" encoding="UTF-8"?>
<!-- Generated by org.testng.reporters.JUnitReportReporter -->
<testsuite hostname="LAPTOP-CEPQKL4D" failures="0" tests="3" name="TestNG._2_Priority_Basis_Execution" time="0.005" errors="0" timestamp="2023-01-14T16:44:28 IST" skipped="0">
  <testcase classname="TestNG._2_Priority_Basis_Execution" name="Vishal" time="0.001"/>
  <system-out/>
  <testcase classname="TestNG._2_Priority_Basis_Execution" name="Mayank" time="0.002"/>
  <system-out/>
  <testcase classname="TestNG._2_Priority_Basis_Execution" name="Dinesh" time="0.002"/>
  <system-out/>
</testsuite> <!-- TestNG._2_Priority_Basis_Execution -->
