<?xml version="1.0" encoding="UTF-8"?>
<!-- Generated by org.testng.reporters.JUnitReportReporter -->
<testsuite hostname="LAPTOP-CEPQKL4D" failures="0" tests="1" name="Collections.ArrayList" time="0.022" errors="0" timestamp="2022-12-22T17:37:02 IST" skipped="0">
  <testcase classname="Collections.ArrayList" name="A" time="0.022"/>
  <system-out/>
</testsuite> <!-- Collections.ArrayList -->
