<?xml version="1.0" encoding="UTF-8"?>
<!-- Generated by org.testng.reporters.JUnitReportReporter -->
<testsuite hostname="LAPTOP-CEPQKL4D" failures="0" tests="1" name="Practical_Automation.Class_6" time="28.990" errors="0" timestamp="2022-12-20T23:02:10 IST" skipped="0">
  <testcase classname="Practical_Automation.Class_6" name="OpenBrowser" time="28.990"/>
  <system-out/>
</testsuite> <!-- Practical_Automation.Class_6 -->
