<?xml version="1.0" encoding="UTF-8"?>
<!-- Generated by org.testng.reporters.JUnitReportReporter -->
<testsuite hostname="LAPTOP-CEPQKL4D" failures="0" tests="1" name="Star_Pattern.Pattern4" time="0.007" errors="0" timestamp="2022-12-21T15:31:15 IST" skipped="0">
  <testcase classname="Star_Pattern.Pattern4" name="M4" time="0.007"/>
  <system-out/>
</testsuite> <!-- Star_Pattern.Pattern4 -->
