<?xml version="1.0" encoding="UTF-8"?>
<!-- Generated by org.testng.reporters.JUnitReportReporter -->
<testsuite hostname="LAPTOP-CEPQKL4D" failures="0" tests="1" name="TestNG._7_Assertion" time="0.025" errors="0" timestamp="2023-01-03T16:24:13 IST" skipped="0">
  <testcase classname="TestNG._7_Assertion" name="AssertionTypes" time="0.025"/>
  <system-out/>
</testsuite> <!-- TestNG._7_Assertion -->
