<?xml version="1.0" encoding="UTF-8"?>
<!-- Generated by org.testng.reporters.JUnitReportReporter -->
<testsuite hostname="LAPTOP-CEPQKL4D" failures="0" tests="1" name="ConceptsCode.MouseOperations" time="9.973" errors="0" timestamp="2022-12-17T04:34:08 IST" skipped="0">
  <testcase classname="ConceptsCode.MouseOperations" name="AB" time="9.973"/>
  <system-out/>
</testsuite> <!-- ConceptsCode.MouseOperations -->
