<?xml version="1.0" encoding="UTF-8"?>
<!-- Generated by org.testng.reporters.JUnitReportReporter -->
<testsuite hostname="LAPTOP-CEPQKL4D" failures="0" tests="1" name="Collections.Vector" time="0.006" errors="0" timestamp="2022-12-22T19:23:55 IST" skipped="0">
  <testcase classname="Collections.Vector" name="Vec" time="0.006"/>
  <system-out/>
</testsuite> <!-- Collections.Vector -->
