<?xml version="1.0" encoding="UTF-8"?>
<!-- Generated by org.testng.reporters.JUnitReportReporter -->
<testsuite hostname="LAPTOP-CEPQKL4D" failures="0" tests="1" name="Selenium_Webelements._5_Handle_PageScrolling" time="11.742" errors="0" timestamp="2023-01-03T21:26:31 IST" skipped="0">
  <testcase classname="Selenium_Webelements._5_Handle_PageScrolling" name="AB" time="11.742"/>
  <system-out/>
</testsuite> <!-- Selenium_Webelements._5_Handle_PageScrolling -->
