<?xml version="1.0" encoding="UTF-8"?>
<!-- Generated by org.testng.reporters.JUnitReportReporter -->
<testsuite hostname="LAPTOP-CEPQKL4D" failures="0" tests="1" name="Collections.List" time="0.024" errors="0" timestamp="2023-06-10T12:53:55 IST" skipped="0">
  <testcase classname="Collections.List" name="M1" time="0.024"/>
  <system-out/>
</testsuite> <!-- Collections.List -->
