<?xml version="1.0" encoding="UTF-8"?>
<!-- Generated by org.testng.reporters.JUnitReportReporter -->
<testsuite hostname="LAPTOP-CEPQKL4D" failures="0" tests="1" name="Testng" time="0.016" errors="0" timestamp="2022-12-28T12:50:04 IST" skipped="0">
  <testcase classname="Testng" name="Assertion" time="0.016"/>
  <system-out/>
</testsuite> <!-- Testng -->
