<?xml version="1.0" encoding="UTF-8"?>
<!-- Generated by org.testng.reporters.JUnitReportReporter -->
<testsuite hostname="LAPTOP-CEPQKL4D" failures="0" tests="1" name="Collections.Set" time="0.007" errors="0" timestamp="2022-12-23T15:43:46 IST" skipped="0">
  <testcase classname="Collections.Set" name="SE" time="0.007"/>
  <system-out/>
</testsuite> <!-- Collections.Set -->
