<?xml version="1.0" encoding="UTF-8"?>
<!-- Generated by org.testng.reporters.JUnitReportReporter -->
<testsuite hostname="LAPTOP-CEPQKL4D" failures="0" tests="1" name="ConceptsCode.HandleBrowser" time="21.873" errors="0" timestamp="2022-12-23T00:55:34 IST" skipped="0">
  <testcase classname="ConceptsCode.HandleBrowser" name="Dropdown" time="21.873"/>
  <system-out/>
</testsuite> <!-- ConceptsCode.HandleBrowser -->
