<?xml version="1.0" encoding="UTF-8"?>
<!-- Generated by org.testng.reporters.JUnitReportReporter -->
<testsuite hostname="LAPTOP-CEPQKL4D" failures="0" tests="1" name="Practical_Automation.Class_4" time="4.209" errors="0" timestamp="2022-12-19T18:03:36 IST" skipped="0">
  <testcase classname="Practical_Automation.Class_4" name="OpenBrowser" time="4.209"/>
  <system-out/>
</testsuite> <!-- Practical_Automation.Class_4 -->
