<?xml version="1.0" encoding="UTF-8"?>
<!-- Generated by org.testng.reporters.JUnitReportReporter -->
<testsuite hostname="LAPTOP-CEPQKL4D" failures="0" tests="1" name="Number_Pattern.Largest_withoutusing_IfElse" time="0.010" errors="0" timestamp="2023-01-18T17:08:33 IST" skipped="0">
  <testcase classname="Number_Pattern.Largest_withoutusing_IfElse" name="largest" time="0.010"/>
  <system-out/>
</testsuite> <!-- Number_Pattern.Largest_withoutusing_IfElse -->
