<?xml version="1.0" encoding="UTF-8"?>
<!-- Generated by org.testng.reporters.JUnitReportReporter -->
<testsuite hostname="LAPTOP-CEPQKL4D" failures="0" tests="1" name="ConceptsCode.ScreenshotTest" time="7.021" errors="0" timestamp="2022-12-17T15:46:28 IST" skipped="0">
  <testcase classname="ConceptsCode.ScreenshotTest" name="AB" time="7.021"/>
  <system-out/>
</testsuite> <!-- ConceptsCode.ScreenshotTest -->
