<?xml version="1.0" encoding="UTF-8"?>
<!-- Generated by org.testng.reporters.JUnitReportReporter -->
<testsuite hostname="LAPTOP-CEPQKL4D" failures="0" tests="3" name="TestNG._1_Multiple_Test_Methods" time="0.011" errors="0" timestamp="2023-01-14T16:44:28 IST" skipped="0">
  <testcase classname="TestNG._1_Multiple_Test_Methods" name="Mayank" time="0.001"/>
  <system-out/>
  <testcase classname="TestNG._1_Multiple_Test_Methods" name="Dinesh" time="0.009"/>
  <system-out/>
  <testcase classname="TestNG._1_Multiple_Test_Methods" name="Vishal" time="0.001"/>
  <system-out/>
</testsuite> <!-- TestNG._1_Multiple_Test_Methods -->
