<?xml version="1.0" encoding="UTF-8"?>
<!-- Generated by org.testng.reporters.JUnitReportReporter -->
<testsuite hostname="LAPTOP-CEPQKL4D" failures="0" tests="1" name="Star_Pattern.Pattern5" time="0.008" errors="0" timestamp="2022-12-21T15:42:30 IST" skipped="0">
  <testcase classname="Star_Pattern.Pattern5" name="M5" time="0.008"/>
  <system-out/>
</testsuite> <!-- Star_Pattern.Pattern5 -->
