<?xml version="1.0" encoding="UTF-8"?>
<!-- Generated by org.testng.reporters.JUnitReportReporter -->
<testsuite hostname="LAPTOP-CEPQKL4D" failures="0" tests="1" name="Selenium_Interview._1_Enter_Text_Without_Sendkeys2" time="51.219" errors="0" timestamp="2023-04-22T16:07:40 IST" skipped="0">
  <testcase classname="Selenium_Interview._1_Enter_Text_Without_Sendkeys2" name="Send" time="51.219"/>
  <system-out/>
</testsuite> <!-- Selenium_Interview._1_Enter_Text_Without_Sendkeys2 -->
