<?xml version="1.0" encoding="UTF-8"?>
<!-- Generated by org.testng.reporters.JUnitReportReporter -->
<testsuite hostname="LAPTOP-CEPQKL4D" failures="0" tests="1" name="Number_Pattern.Pattern1" time="0.007" errors="0" timestamp="2022-12-21T16:04:41 IST" skipped="0">
  <testcase classname="Number_Pattern.Pattern1" name="M1" time="0.007"/>
  <system-out/>
</testsuite> <!-- Number_Pattern.Pattern1 -->
