<?xml version="1.0" encoding="UTF-8"?>
<!-- Generated by org.testng.reporters.JUnitReportReporter -->
<testsuite hostname="LAPTOP-CEPQKL4D" failures="0" tests="1" name="ConceptsCode.ClickOnImage" time="5.803" errors="0" timestamp="2022-12-17T01:06:32 IST" skipped="0">
  <testcase classname="ConceptsCode.ClickOnImage" name="clickImage" time="5.803"/>
  <system-out/>
</testsuite> <!-- ConceptsCode.ClickOnImage -->
