<?xml version="1.0" encoding="UTF-8"?>
<!-- Generated by org.testng.reporters.JUnitReportReporter -->
<testsuite hostname="LAPTOP-CEPQKL4D" failures="0" tests="1" name="ConceptsCode._1_Webdriver" time="9.350" errors="0" timestamp="2022-11-28T11:23:01 IST" skipped="0">
  <testcase classname="ConceptsCode._1_Webdriver" name="Browseroptions" time="9.350"/>
  <system-out/>
</testsuite> <!-- ConceptsCode._1_Webdriver -->
